<?xml version="1.0" encoding="UTF-8"?>
<robot generator="Robot 3.2.2 (Python 3.6.9 on linux)" generated="20210312 13:49:52.041" rpa="false">
<suite id="s1" name="Verify List Operations" source="/lhome/anbaska/projects/minerva_integration_testing/playground/robot-framework-example/TestSuites/verify_list_operations/verify_list_operations.robot">
<test id="s1-t1" name="[TMAD-995]-Sorting of an elements in the list">
<kw name="Run Keywords" library="BuiltIn" type="setup">
<doc>Executes all the given keywords in a sequence.</doc>
<arguments>
<arg>Verify maximum entries in the List</arg>
<arg>AND Validate entries in the List</arg>
<arg>AND Print unsorted values</arg>
</arguments>
<kw name="Verify Maximum Entries In The List" library="preconditions">
<kw name="Get Length" library="BuiltIn">
<doc>Returns and logs the length of the given item as an integer.</doc>
<arguments>
<arg>${MyList}</arg>
</arguments>
<assign>
<var>${Count}</var>
</assign>
<msg timestamp="20210312 13:49:52.070" level="INFO">Length is 4</msg>
<msg timestamp="20210312 13:49:52.070" level="INFO">${Count} = 4</msg>
<status status="PASS" starttime="20210312 13:49:52.069" endtime="20210312 13:49:52.070"></status>
</kw>
<kw name="Set Global Variable" library="BuiltIn">
<doc>Makes a variable available globally in all tests and suites.</doc>
<arguments>
<arg>${Count}</arg>
</arguments>
<msg timestamp="20210312 13:49:52.070" level="INFO">${Count} = 4</msg>
<status status="PASS" starttime="20210312 13:49:52.070" endtime="20210312 13:49:52.070"></status>
</kw>
<kw name="Should Be True" library="verify_list_operations">
<arguments>
<arg>${Count}</arg>
</arguments>
<status status="PASS" starttime="20210312 13:49:52.071" endtime="20210312 13:49:52.071"></status>
</kw>
<status status="PASS" starttime="20210312 13:49:52.069" endtime="20210312 13:49:52.071"></status>
</kw>
<kw name="AND Validate entries in the List" library="preconditions">
<kw name="Validate List" library="verify_list_operations">
<arguments>
<arg>${MyList}</arg>
<arg>${Count}</arg>
</arguments>
<status status="PASS" starttime="20210312 13:49:52.072" endtime="20210312 13:49:52.072"></status>
</kw>
<status status="PASS" starttime="20210312 13:49:52.071" endtime="20210312 13:49:52.072"></status>
</kw>
<kw name="AND Print unsorted values" library="preconditions">
<kw name="Print List" library="verify_list_operations">
<arguments>
<arg>@{MyList}</arg>
</arguments>
<msg timestamp="20210312 13:49:52.073" level="INFO">('Create List', '2', '3', '1')</msg>
<status status="PASS" starttime="20210312 13:49:52.073" endtime="20210312 13:49:52.073"></status>
</kw>
<status status="PASS" starttime="20210312 13:49:52.072" endtime="20210312 13:49:52.073"></status>
</kw>
<status status="PASS" starttime="20210312 13:49:52.069" endtime="20210312 13:49:52.073"></status>
</kw>
<kw name="Sort List" library="Collections">
<doc>Sorts the given list in place.</doc>
<arguments>
<arg>${MyList}</arg>
</arguments>
<status status="PASS" starttime="20210312 13:49:52.074" endtime="20210312 13:49:52.074"></status>
</kw>
<kw name="${item} IN [ @{MyList} ]" type="for">
<kw name="${item} = 1" type="foritem">
<kw name="Log" library="BuiltIn">
<doc>Logs the given message with the given level.</doc>
<arguments>
<arg>${item}</arg>
</arguments>
<msg timestamp="20210312 13:49:52.075" level="INFO">1</msg>
<status status="PASS" starttime="20210312 13:49:52.074" endtime="20210312 13:49:52.075"></status>
</kw>
<status status="PASS" starttime="20210312 13:49:52.074" endtime="20210312 13:49:52.075"></status>
</kw>
<kw name="${item} = 2" type="foritem">
<kw name="Log" library="BuiltIn">
<doc>Logs the given message with the given level.</doc>
<arguments>
<arg>${item}</arg>
</arguments>
<msg timestamp="20210312 13:49:52.075" level="INFO">2</msg>
<status status="PASS" starttime="20210312 13:49:52.075" endtime="20210312 13:49:52.075"></status>
</kw>
<status status="PASS" starttime="20210312 13:49:52.075" endtime="20210312 13:49:52.075"></status>
</kw>
<kw name="${item} = 3" type="foritem">
<kw name="Log" library="BuiltIn">
<doc>Logs the given message with the given level.</doc>
<arguments>
<arg>${item}</arg>
</arguments>
<msg timestamp="20210312 13:49:52.076" level="INFO">3</msg>
<status status="PASS" starttime="20210312 13:49:52.076" endtime="20210312 13:49:52.076"></status>
</kw>
<status status="PASS" starttime="20210312 13:49:52.076" endtime="20210312 13:49:52.076"></status>
</kw>
<kw name="${item} = Create List" type="foritem">
<kw name="Log" library="BuiltIn">
<doc>Logs the given message with the given level.</doc>
<arguments>
<arg>${item}</arg>
</arguments>
<msg timestamp="20210312 13:49:52.077" level="INFO">Create List</msg>
<status status="PASS" starttime="20210312 13:49:52.076" endtime="20210312 13:49:52.077"></status>
</kw>
<status status="PASS" starttime="20210312 13:49:52.076" endtime="20210312 13:49:52.077"></status>
</kw>
<status status="PASS" starttime="20210312 13:49:52.074" endtime="20210312 13:49:52.077"></status>
</kw>
<kw name="Should Be True" library="BuiltIn">
<doc>Fails if the given condition is not true.</doc>
<arguments>
<arg>1</arg>
</arguments>
<status status="PASS" starttime="20210312 13:49:52.077" endtime="20210312 13:49:52.077"></status>
</kw>
<doc>This keyword triggers sorting of an elements in the list
X-Ray Test URL: https://issue.swf.daimler.com/browse/TMAD-996</doc>
<tags>
<tag>SWIntegrationTest</tag>
<tag>TMA-995</tag>
</tags>
<status status="PASS" starttime="20210312 13:49:52.068" endtime="20210312 13:49:52.078" critical="yes"></status>
</test>
<test id="s1-t2" name="[TMAD-996]-List's cumulative divisible by 4">
<kw name="Run Keywords" library="BuiltIn" type="setup">
<doc>Executes all the given keywords in a sequence.</doc>
<arguments>
<arg>Verify maximum entries in the List</arg>
<arg>AND Validate elements as unsigned</arg>
</arguments>
<kw name="Verify Maximum Entries In The List" library="preconditions">
<kw name="Get Length" library="BuiltIn">
<doc>Returns and logs the length of the given item as an integer.</doc>
<arguments>
<arg>${MyList}</arg>
</arguments>
<assign>
<var>${Count}</var>
</assign>
<msg timestamp="20210312 13:49:52.080" level="INFO">Length is 4</msg>
<msg timestamp="20210312 13:49:52.080" level="INFO">${Count} = 4</msg>
<status status="PASS" starttime="20210312 13:49:52.080" endtime="20210312 13:49:52.080"></status>
</kw>
<kw name="Set Global Variable" library="BuiltIn">
<doc>Makes a variable available globally in all tests and suites.</doc>
<arguments>
<arg>${Count}</arg>
</arguments>
<msg timestamp="20210312 13:49:52.081" level="INFO">${Count} = 4</msg>
<status status="PASS" starttime="20210312 13:49:52.080" endtime="20210312 13:49:52.081"></status>
</kw>
<kw name="Should Be True" library="verify_list_operations">
<arguments>
<arg>${Count}</arg>
</arguments>
<status status="PASS" starttime="20210312 13:49:52.081" endtime="20210312 13:49:52.081"></status>
</kw>
<status status="PASS" starttime="20210312 13:49:52.079" endtime="20210312 13:49:52.081"></status>
</kw>
<kw name="AND Validate elements as unsigned" library="preconditions">
<kw name="Get From List" library="Collections">
<doc>Returns the value specified with an ``index`` from ``list``.</doc>
<arguments>
<arg>${MyList}</arg>
<arg>0</arg>
</arguments>
<assign>
<var>${min}</var>
</assign>
<msg timestamp="20210312 13:49:52.082" level="INFO">${min} = 1</msg>
<status status="PASS" starttime="20210312 13:49:52.082" endtime="20210312 13:49:52.082"></status>
</kw>
<kw name="Should Be Unsigned" library="verify_list_operations">
<arguments>
<arg>${min}</arg>
</arguments>
<status status="PASS" starttime="20210312 13:49:52.083" endtime="20210312 13:49:52.083"></status>
</kw>
<kw name="Get From List" library="Collections">
<doc>Returns the value specified with an ``index`` from ``list``.</doc>
<arguments>
<arg>${MyList}</arg>
<arg>${Count-2}</arg>
</arguments>
<assign>
<var>${max}</var>
</assign>
<msg timestamp="20210312 13:49:52.083" level="INFO">${max} = 3</msg>
<status status="PASS" starttime="20210312 13:49:52.083" endtime="20210312 13:49:52.084"></status>
</kw>
<kw name="Should Be Unsigned" library="verify_list_operations">
<arguments>
<arg>${max}</arg>
</arguments>
<status status="PASS" starttime="20210312 13:49:52.084" endtime="20210312 13:49:52.084"></status>
</kw>
<status status="PASS" starttime="20210312 13:49:52.082" endtime="20210312 13:49:52.084"></status>
</kw>
<status status="PASS" starttime="20210312 13:49:52.079" endtime="20210312 13:49:52.084"></status>
</kw>
<kw name="Should Be Divisible" library="verify_list_operations">
<arguments>
<arg>${MyList}</arg>
<arg>${Count}</arg>
</arguments>
<msg timestamp="20210312 13:49:52.085" level="INFO">2</msg>
<msg timestamp="20210312 13:49:52.086" level="FAIL">Cumulative is not divisible by 4</msg>
<status status="FAIL" starttime="20210312 13:49:52.085" endtime="20210312 13:49:52.086"></status>
</kw>
<doc>This keyword triggers cumulative of an elements divisible by 4
X-Ray Test URL: https://issue.swf.daimler.com/browse/TMAD-996</doc>
<tags>
<tag>SWIntegrationTest</tag>
<tag>TMAD-996</tag>
</tags>
<status status="FAIL" starttime="20210312 13:49:52.078" endtime="20210312 13:49:52.086" critical="yes">Cumulative is not divisible by 4</status>
</test>
<status status="FAIL" starttime="20210312 13:49:52.042" endtime="20210312 13:49:52.087"></status>
</suite>
<statistics>
<total>
<stat pass="1" fail="1">Critical Tests</stat>
<stat pass="1" fail="1">All Tests</stat>
</total>
<tag>
<stat pass="1" fail="1">SWIntegrationTest</stat>
<stat pass="1" fail="0">TMA-995</stat>
<stat pass="0" fail="1">TMAD-996</stat>
</tag>
<suite>
<stat pass="1" fail="1" id="s1" name="Verify List Operations">Verify List Operations</stat>
</suite>
</statistics>
<errors>
</errors>
</robot>
